[10May2025 00:07:49.613] [Server thread/ERROR] [net.minecraft.Util/]: POI data mismatch: already registered at BlockPos{x=91, y=4, z=-282}
[10May2025 00:15:10.282] [Server thread/INFO] [net.minecraft.server.MinecraftServer/]: Maverxck23 has reached the goal [Bone Crusher]
[10May2025 00:15:33.642] [Server thread/INFO] [net.minecraft.server.MinecraftServer/]: Maverxck23 has made the advancement [Diamonds!]
[10May2025 00:17:56.821] [Server thread/WARN] [net.minecraft.server.level.ServerLevel/]: Tried to add entity ancient_elements:undead_miner but it was marked as removed already
[10May2025 00:34:31.564] [Server thread/INFO] [net.minecraft.server.MinecraftServer/]: Maverxck23 has made the advancement [Not even afraid of death]
[10May2025 00:34:31.564] [Server thread/INFO] [net.minecraft.server.MinecraftServer/]: Maverxck23 has made the advancement [Back to childhood]
[10May2025 00:34:55.095] [Server thread/INFO] [net.minecraft.server.MinecraftServer/]: Maverxck23 has made the advancement [Knowledge raises the soul]
[10May2025 00:37:21.840] [Server thread/INFO] [net.minecraft.server.MinecraftServer/]: Maverxck23 has made the advancement [Deceived Hopes]
[10May2025 00:38:45.685] [Server thread/INFO] [net.minecraft.server.MinecraftServer/]: Maverxck23 has made the advancement [Chest Slayer]
[10May2025 00:38:46.681] [Server thread/INFO] [net.minecraft.server.MinecraftServer/]: Maverxck23 has made the advancement [Amateur Archaeologist]
[10May2025 00:51:31.421] [Server thread/WARN] [net.minecraft.server.level.ServerLevel/]: Tried to add entity ancient_elements:undead_miner but it was marked as removed already
[10May2025 00:55:13.687] [Server thread/INFO] [net.minecraft.server.MinecraftServer/]: Maverxck23 has made the advancement [Magic Writing]
[10May2025 00:56:06.271] [Server thread/WARN] [net.minecraft.server.level.ServerLevel/]: Tried to add entity ancient_elements:undead_miner but it was marked as removed already
[10May2025 01:09:49.081] [Server thread/INFO] [net.minecraft.server.MinecraftServer/]: Maverxck23 has made the advancement [Junior Summoner]
[10May2025 01:09:57.641] [Server thread/INFO] [net.minecraft.server.MinecraftServer/]: Maverxck23 has made the advancement [KEEP ROLLIN' ROLLIN' ROLLIN']
[10May2025 01:10:02.532] [Server thread/INFO] [net.minecraft.server.MinecraftServer/]: Maverxck23 has made the advancement [Rocks Off!]
[10May2025 01:12:00.684] [Server thread/INFO] [net.minecraft.world.entity.LivingEntity/]: Named entity PiglinBrute['Debris Miner'/32390, l='ServerLevel[world]', x=84.43, y=-8.00, z=-37.49] died: Debris Miner was slain by Maverxck23
[10May2025 01:12:20.080] [Server thread/INFO] [net.minecraft.world.entity.LivingEntity/]: Named entity PiglinBrute['Debris Miner'/32391, l='ServerLevel[world]', x=84.42, y=-8.00, z=-37.36] died: Debris Miner was slain by Maverxck23
[10May2025 01:13:46.845] [Server thread/INFO] [net.minecraft.world.entity.LivingEntity/]: Named entity Blaze['Foundry Guardian'/32585, l='ServerLevel[world]', x=84.10, y=-4.39, z=38.21] died: Foundry Guardian was slain by Maverxck23
[10May2025 01:13:48.829] [Server thread/INFO] [net.minecraft.server.MinecraftServer/]: Maverxck23 has made the advancement [Into Fire]
[10May2025 01:14:18.920] [Server thread/WARN] [net.minecraft.server.level.ServerLevel/]: Tried to add entity ancient_elements:undead_miner but it was marked as removed already
[10May2025 01:17:48.000] [Server thread/INFO] [net.minecraft.server.MinecraftServer/]: Maverxck23 has made the advancement [Ambush]
[10May2025 01:17:58.748] [Server thread/INFO] [net.minecraft.server.MinecraftServer/]: Maverxck23 has made the advancement [Who is Cutting Onions?]
[10May2025 01:18:50.401] [Server thread/INFO] [net.minecraft.server.MinecraftServer/]: Maverxck23 has made the advancement [Ol' Betsy]
[10May2025 01:18:50.482] [Server thread/INFO] [net.minecraft.server.MinecraftServer/]: Maverxck23 has made the advancement [Take Aim]
[10May2025 01:19:04.430] [Server thread/INFO] [net.minecraft.world.entity.LivingEntity/]: Named entity WitherSkeleton['Forge Sentry'/33302, l='ServerLevel[world]', x=56.65, y=-4.00, z=15.61] died: Forge Sentry was shot by Maverxck23
[10May2025 01:19:35.241] [Server thread/INFO] [net.minecraft.server.MinecraftServer/]: Maverxck23 has reached the goal [Strong or Careful]
[10May2025 01:19:35.242] [Server thread/INFO] [net.minecraft.server.MinecraftServer/]: Maverxck23 was slain by Magma Cube
[10May2025 01:19:35.258] [Server thread/INFO] [net.minecraft.server.MinecraftServer/]: Maverxck23 has made the advancement [Your First Grave]
[10May2025 01:19:35.259] [Server thread/INFO] [tombstone/]: The player Maverxck23 has successfully been saved
[10May2025 01:19:55.102] [Server thread/INFO] [net.minecraft.server.MinecraftServer/]: Maverxck23 has reached the goal [Here They Come]
[10May2025 01:25:02.379] [Server thread/INFO] [net.minecraft.server.MinecraftServer/]: Maverxck23 has made the advancement [Hidden in the Depths]
[10May2025 01:26:46.084] [Server thread/INFO] [net.minecraft.world.entity.LivingEntity/]: Named entity Blaze['Foundry Guardian'/34532, l='ServerLevel[world]', x=77.75, y=-6.24, z=61.18] died: Foundry Guardian was slain by Maverxck23
[10May2025 01:27:05.252] [Server thread/INFO] [net.minecraft.world.entity.LivingEntity/]: Named entity Blaze['Foundry Guardian'/34505, l='ServerLevel[world]', x=84.05, y=-1.37, z=86.93] died: Foundry Guardian was slain by Maverxck23
[10May2025 01:30:06.101] [Server thread/INFO] [net.minecraft.world.entity.LivingEntity/]: Named entity Blaze['Foundry Guardian'/35474, l='ServerLevel[world]', x=116.13, y=-7.84, z=21.10] died: Foundry Guardian was slain by Maverxck23
[10May2025 01:31:26.880] [Server thread/INFO] [net.minecraft.world.entity.LivingEntity/]: Named entity Blaze['Foundry Guardian'/35725, l='ServerLevel[world]', x=124.54, y=-7.10, z=39.70] died: Foundry Guardian was slain by Maverxck23
[10May2025 01:31:54.784] [Server thread/INFO] [net.minecraft.server.MinecraftServer/]: Maverxck23 was burnt to a crisp whilst fighting Foundry Guardian
[10May2025 01:31:54.788] [Server thread/INFO] [tombstone/]: The player Maverxck23 has successfully been saved
[10May2025 01:33:50.230] [Server thread/INFO] [net.minecraft.world.entity.LivingEntity/]: Named entity Blaze['Foundry Guardian'/36273, l='ServerLevel[world]', x=123.65, y=-7.00, z=38.02] died: Foundry Guardian was slain by Maverxck23
[10May2025 01:34:48.806] [Server thread/INFO] [net.minecraft.world.entity.LivingEntity/]: Named entity WitherSkeleton['Forge Sentry'/35901, l='ServerLevel[world]', x=121.48, y=-6.35, z=38.05] died: Forge Sentry was slain by Maverxck23
